<?xml version="1.0" encoding="UTF-8"?>
<testng-results skipped="0" failed="0" ignored="0" total="1" passed="1">
  <reporter-output>
  </reporter-output>
  <suite name="Default suite" duration-ms="237999" started-at="2020-07-31T06:30:19Z" finished-at="2020-07-31T06:34:17Z">
    <groups>
    </groups>
    <test name="Default test" duration-ms="237999" started-at="2020-07-31T06:30:19Z" finished-at="2020-07-31T06:34:17Z">
      <class name="datadrivenExcel.Addmember">
        <test-method status="PASS" signature="EnteringData()[pri:0, instance:datadrivenExcel.Addmember@18f4cfe]" name="EnteringData" duration-ms="237924" started-at="2020-07-31T06:30:19Z" finished-at="2020-07-31T06:34:17Z">
          <reporter-output>
          </reporter-output>
        </test-method> <!-- EnteringData -->
      </class> <!-- datadrivenExcel.Addmember -->
    </test> <!-- Default test -->
  </suite> <!-- Default suite -->
</testng-results>
